<?xml version="1.0" encoding="UTF-8"?>
<testsuite name="com.mindex.challenge.service.impl.EmployeeServiceImplTest" tests="1" skipped="0" failures="0" errors="0" timestamp="2024-08-03T00:17:43" hostname="DESKTOP-G9CR7VR" time="0.556">
  <properties/>
  <testcase name="testCreateReadUpdateEmployee" classname="com.mindex.challenge.service.impl.EmployeeServiceImplTest" time="0.556"/>
  <system-out><![CDATA[20:17:41.638 [Test worker] INFO org.springframework.test.context.support.AnnotationConfigContextLoaderUtils -- Could not detect default configuration classes for test class [com.mindex.challenge.service.impl.EmployeeServiceImplTest]: EmployeeServiceImplTest does not declare any static, non-private, non-final, nested classes annotated with @Configuration.
20:17:41.719 [Test worker] INFO org.springframework.boot.test.context.SpringBootTestContextBootstrapper -- Found @SpringBootConfiguration com.mindex.challenge.ChallengeApplication for test class com.mindex.challenge.service.impl.EmployeeServiceImplTest

  .   ____          _            __ _ _
 /\\ / ___'_ __ _ _(_)_ __  __ _ \ \ \ \
( ( )\___ | '_ | '_| | '_ \/ _` | \ \ \ \
 \\/  ___)| |_)| | | | | || (_| |  ) ) ) )
  '  |____| .__|_| |_|_| |_\__, | / / / /
 =========|_|==============|___/=/_/_/_/
 :: Spring Boot ::                (v3.2.3)

2024-08-02T20:17:41.965-04:00  INFO 2336 --- [    Test worker] c.m.c.s.impl.EmployeeServiceImplTest     : Starting EmployeeServiceImplTest using Java 17.0.12 with PID 2336 (started by charl in C:\Users\charl\Downloads\mindex-code-challenge)
2024-08-02T20:17:41.965-04:00 DEBUG 2336 --- [    Test worker] c.m.c.s.impl.EmployeeServiceImplTest     : Running with Spring Boot v3.2.3, Spring v6.1.4
2024-08-02T20:17:41.966-04:00  INFO 2336 --- [    Test worker] c.m.c.s.impl.EmployeeServiceImplTest     : No active profile set, falling back to 1 default profile: "default"
2024-08-02T20:17:42.202-04:00  INFO 2336 --- [    Test worker] .s.d.r.c.RepositoryConfigurationDelegate : Bootstrapping Spring Data MongoDB repositories in DEFAULT mode.
2024-08-02T20:17:42.225-04:00  INFO 2336 --- [    Test worker] .s.d.r.c.RepositoryConfigurationDelegate : Finished Spring Data repository scanning in 21 ms. Found 2 MongoDB repository interfaces.
2024-08-02T20:17:42.589-04:00  INFO 2336 --- [    Test worker] o.s.b.w.embedded.tomcat.TomcatWebServer  : Tomcat initialized with port 0 (http)
2024-08-02T20:17:42.596-04:00  INFO 2336 --- [    Test worker] o.apache.catalina.core.StandardService   : Starting service [Tomcat]
2024-08-02T20:17:42.596-04:00  INFO 2336 --- [    Test worker] o.apache.catalina.core.StandardEngine    : Starting Servlet engine: [Apache Tomcat/10.1.19]
2024-08-02T20:17:42.642-04:00  INFO 2336 --- [    Test worker] o.a.c.c.C.[Tomcat].[localhost].[/]       : Initializing Spring embedded WebApplicationContext
2024-08-02T20:17:42.643-04:00  INFO 2336 --- [    Test worker] w.s.c.ServletWebServerApplicationContext : Root WebApplicationContext: initialization completed in 665 ms
2024-08-02T20:17:42.827-04:00  INFO 2336 --- [    Test worker] de.bwaldvogel.mongo.MongoServer          : started MongoServer(port: 54250, ssl: false)
2024-08-02T20:17:42.902-04:00  INFO 2336 --- [    Test worker] org.mongodb.driver.client                : MongoClient with metadata {"driver": {"name": "mongo-java-driver|sync", "version": "4.11.1"}, "os": {"type": "Windows", "name": "Windows 11", "architecture": "amd64", "version": "10.0"}, "platform": "Java/Oracle Corporation/17.0.12+8-LTS-286"} created with settings MongoClientSettings{readPreference=primary, writeConcern=WriteConcern{w=null, wTimeout=null ms, journal=null}, retryWrites=true, retryReads=true, readConcern=ReadConcern{level=null}, credential=null, transportSettings=null, streamFactoryFactory=null, commandListeners=[], codecRegistry=ProvidersCodecRegistry{codecProviders=[ValueCodecProvider{}, BsonValueCodecProvider{}, DBRefCodecProvider{}, DBObjectCodecProvider{}, DocumentCodecProvider{}, CollectionCodecProvider{}, IterableCodecProvider{}, MapCodecProvider{}, GeoJsonCodecProvider{}, GridFSFileCodecProvider{}, Jsr310CodecProvider{}, JsonObjectCodecProvider{}, BsonCodecProvider{}, EnumCodecProvider{}, com.mongodb.client.model.mql.ExpressionCodecProvider@251a90ce, com.mongodb.Jep395RecordCodecProvider@4c4c7d6c, com.mongodb.KotlinCodecProvider@7f0766ef]}, loggerSettings=LoggerSettings{maxDocumentLength=1000}, clusterSettings={hosts=[127.0.0.1:54250], srvServiceName=mongodb, mode=SINGLE, requiredClusterType=UNKNOWN, requiredReplicaSetName='null', serverSelector='null', clusterListeners='[]', serverSelectionTimeout='30000 ms', localThreshold='15 ms'}, socketSettings=SocketSettings{connectTimeoutMS=10000, readTimeoutMS=0, receiveBufferSize=0, proxySettings=ProxySettings{host=null, port=null, username=null, password=null}}, heartbeatSocketSettings=SocketSettings{connectTimeoutMS=10000, readTimeoutMS=10000, receiveBufferSize=0, proxySettings=ProxySettings{host=null, port=null, username=null, password=null}}, connectionPoolSettings=ConnectionPoolSettings{maxSize=100, minSize=0, maxWaitTimeMS=120000, maxConnectionLifeTimeMS=0, maxConnectionIdleTimeMS=0, maintenanceInitialDelayMS=0, maintenanceFrequencyMS=60000, connectionPoolListeners=[], maxConnecting=2}, serverSettings=ServerSettings{heartbeatFrequencyMS=10000, minHeartbeatFrequencyMS=500, serverListeners='[]', serverMonitorListeners='[]'}, sslSettings=SslSettings{enabled=false, invalidHostNameAllowed=false, context=null}, applicationName='null', compressorList=[], uuidRepresentation=UNSPECIFIED, serverApi=null, autoEncryptionSettings=null, dnsClient=null, inetAddressResolver=null, contextProvider=null}
2024-08-02T20:17:42.919-04:00  INFO 2336 --- [-server-worker1] d.b.mongo.wire.MongoWireProtocolHandler  : client [id: 0x7a1c5888, L:/127.0.0.1:54250 - R:/127.0.0.1:54251] connected
2024-08-02T20:17:42.919-04:00  INFO 2336 --- [-server-worker2] d.b.mongo.wire.MongoWireProtocolHandler  : client [id: 0xa02f8acd, L:/127.0.0.1:54250 - R:/127.0.0.1:54252] connected
2024-08-02T20:17:42.960-04:00  INFO 2336 --- [127.0.0.1:54250] org.mongodb.driver.cluster               : Monitor thread successfully connected to server with description ServerDescription{address=127.0.0.1:54250, type=STANDALONE, state=CONNECTED, ok=true, minWireVersion=0, maxWireVersion=6, maxDocumentSize=16777216, logicalSessionTimeoutMinutes=null, roundTripTimeNanos=54400600}
2024-08-02T20:17:43.291-04:00  INFO 2336 --- [-server-worker3] d.b.mongo.wire.MongoWireProtocolHandler  : client [id: 0x21c65a0f, L:/127.0.0.1:54250 - R:/127.0.0.1:54253] connected
2024-08-02T20:17:43.312-04:00  INFO 2336 --- [-server-worker3] d.b.mongo.backend.AbstractMongoBackend   : created database test
2024-08-02T20:17:43.315-04:00  INFO 2336 --- [-server-worker3] d.b.mongo.backend.AbstractMongoDatabase  : adding unique _id index for collection employee
2024-08-02T20:17:43.319-04:00  INFO 2336 --- [-server-worker3] d.b.mongo.backend.AbstractMongoDatabase  : created collection test.employee
2024-08-02T20:17:43.615-04:00  INFO 2336 --- [    Test worker] o.s.b.w.embedded.tomcat.TomcatWebServer  : Tomcat started on port 54254 (http) with context path ''
2024-08-02T20:17:43.623-04:00  INFO 2336 --- [    Test worker] c.m.c.s.impl.EmployeeServiceImplTest     : Started EmployeeServiceImplTest in 1.817 seconds (process running for 2.406)
2024-08-02T20:17:44.110-04:00  INFO 2336 --- [o-auto-1-exec-1] o.a.c.c.C.[Tomcat].[localhost].[/]       : Initializing Spring DispatcherServlet 'dispatcherServlet'
2024-08-02T20:17:44.110-04:00  INFO 2336 --- [o-auto-1-exec-1] o.s.web.servlet.DispatcherServlet        : Initializing Servlet 'dispatcherServlet'
2024-08-02T20:17:44.111-04:00  INFO 2336 --- [o-auto-1-exec-1] o.s.web.servlet.DispatcherServlet        : Completed initialization in 1 ms
2024-08-02T20:17:44.132-04:00 DEBUG 2336 --- [o-auto-1-exec-1] c.m.c.controller.EmployeeController      : Received employee create request for [com.mindex.challenge.data.Employee@13d01314]
2024-08-02T20:17:44.133-04:00 DEBUG 2336 --- [o-auto-1-exec-1] c.m.c.service.impl.EmployeeServiceImpl   : Creating employee [com.mindex.challenge.data.Employee@13d01314]
2024-08-02T20:17:44.147-04:00 DEBUG 2336 --- [o-auto-1-exec-2] c.m.c.controller.EmployeeController      : Received employee create request for id [8672efce-ed99-4e1c-8841-f7f0c7b6778b]
2024-08-02T20:17:44.147-04:00 DEBUG 2336 --- [o-auto-1-exec-2] c.m.c.service.impl.EmployeeServiceImpl   : Creating employee with id [8672efce-ed99-4e1c-8841-f7f0c7b6778b]
2024-08-02T20:17:44.179-04:00 DEBUG 2336 --- [o-auto-1-exec-3] c.m.c.controller.EmployeeController      : Received employee create request for id [8672efce-ed99-4e1c-8841-f7f0c7b6778b] and employee [com.mindex.challenge.data.Employee@7ea2045b]
2024-08-02T20:17:44.179-04:00 DEBUG 2336 --- [o-auto-1-exec-3] c.m.c.service.impl.EmployeeServiceImpl   : Updating employee [com.mindex.challenge.data.Employee@7ea2045b]
]]></system-out>
  <system-err><![CDATA[]]></system-err>
</testsuite>
