<?xml version="1.0" encoding="UTF-8"?>
<testsuite name="com.mindex.challenge.service.impl.EmployeeServiceImplTest" tests="2" skipped="0" failures="1" errors="0" timestamp="2024-08-02T19:30:04" hostname="DESKTOP-G9CR7VR" time="0.576">
  <properties/>
  <testcase name="testCreateReadUpdateEmployee" classname="com.mindex.challenge.service.impl.EmployeeServiceImplTest" time="0.558"/>
  <testcase name="testCreateReadCompensation" classname="com.mindex.challenge.service.impl.EmployeeServiceImplTest" time="0.017">
    <failure message="java.lang.AssertionError: expected:&lt;com.mindex.challenge.data.Compensation@6958d5d0&gt; but was:&lt;com.mindex.challenge.data.Compensation@314c28dc&gt;" type="java.lang.AssertionError">java.lang.AssertionError: expected:&lt;com.mindex.challenge.data.Compensation@6958d5d0&gt; but was:&lt;com.mindex.challenge.data.Compensation@314c28dc&gt;
	at org.junit.Assert.fail(Assert.java:89)
	at org.junit.Assert.failNotEquals(Assert.java:835)
	at org.junit.Assert.assertEquals(Assert.java:120)
	at org.junit.Assert.assertEquals(Assert.java:146)
	at com.mindex.challenge.service.impl.EmployeeServiceImplTest.assertCompensationEquivalence(EmployeeServiceImplTest.java:104)
	at com.mindex.challenge.service.impl.EmployeeServiceImplTest.testCreateReadCompensation(EmployeeServiceImplTest.java:90)
	at java.base/jdk.internal.reflect.NativeMethodAccessorImpl.invoke0(Native Method)
	at java.base/jdk.internal.reflect.NativeMethodAccessorImpl.invoke(NativeMethodAccessorImpl.java:77)
	at java.base/jdk.internal.reflect.DelegatingMethodAccessorImpl.invoke(DelegatingMethodAccessorImpl.java:43)
	at java.base/java.lang.reflect.Method.invoke(Method.java:568)
	at org.junit.runners.model.FrameworkMethod$1.runReflectiveCall(FrameworkMethod.java:59)
	at org.junit.internal.runners.model.ReflectiveCallable.run(ReflectiveCallable.java:12)
	at org.junit.runners.model.FrameworkMethod.invokeExplosively(FrameworkMethod.java:56)
	at org.junit.internal.runners.statements.InvokeMethod.evaluate(InvokeMethod.java:17)
	at org.springframework.test.context.junit4.statements.RunBeforeTestExecutionCallbacks.evaluate(RunBeforeTestExecutionCallbacks.java:76)
	at org.springframework.test.context.junit4.statements.RunAfterTestExecutionCallbacks.evaluate(RunAfterTestExecutionCallbacks.java:84)
	at org.junit.internal.runners.statements.RunBefores.evaluate(RunBefores.java:26)
	at org.springframework.test.context.junit4.statements.RunBeforeTestMethodCallbacks.evaluate(RunBeforeTestMethodCallbacks.java:75)
	at org.springframework.test.context.junit4.statements.RunAfterTestMethodCallbacks.evaluate(RunAfterTestMethodCallbacks.java:86)
	at org.springframework.test.context.junit4.statements.SpringRepeat.evaluate(SpringRepeat.java:84)
	at org.junit.runners.ParentRunner.runLeaf(ParentRunner.java:366)
	at org.springframework.test.context.junit4.SpringJUnit4ClassRunner.runChild(SpringJUnit4ClassRunner.java:252)
	at org.springframework.test.context.junit4.SpringJUnit4ClassRunner.runChild(SpringJUnit4ClassRunner.java:97)
	at org.junit.runners.ParentRunner$4.run(ParentRunner.java:331)
	at org.junit.runners.ParentRunner$1.schedule(ParentRunner.java:79)
	at org.junit.runners.ParentRunner.runChildren(ParentRunner.java:329)
	at org.junit.runners.ParentRunner.access$100(ParentRunner.java:66)
	at org.junit.runners.ParentRunner$2.evaluate(ParentRunner.java:293)
	at org.springframework.test.context.junit4.statements.RunBeforeTestClassCallbacks.evaluate(RunBeforeTestClassCallbacks.java:61)
	at org.springframework.test.context.junit4.statements.RunAfterTestClassCallbacks.evaluate(RunAfterTestClassCallbacks.java:70)
	at org.junit.runners.ParentRunner$3.evaluate(ParentRunner.java:306)
	at org.junit.runners.ParentRunner.run(ParentRunner.java:413)
	at org.springframework.test.context.junit4.SpringJUnit4ClassRunner.run(SpringJUnit4ClassRunner.java:191)
	at org.gradle.api.internal.tasks.testing.junit.JUnitTestClassExecutor.runTestClass(JUnitTestClassExecutor.java:112)
	at org.gradle.api.internal.tasks.testing.junit.JUnitTestClassExecutor.execute(JUnitTestClassExecutor.java:58)
	at org.gradle.api.internal.tasks.testing.junit.JUnitTestClassExecutor.execute(JUnitTestClassExecutor.java:40)
	at org.gradle.api.internal.tasks.testing.junit.AbstractJUnitTestClassProcessor.processTestClass(AbstractJUnitTestClassProcessor.java:60)
	at org.gradle.api.internal.tasks.testing.SuiteTestClassProcessor.processTestClass(SuiteTestClassProcessor.java:52)
	at java.base/jdk.internal.reflect.NativeMethodAccessorImpl.invoke0(Native Method)
	at java.base/jdk.internal.reflect.NativeMethodAccessorImpl.invoke(NativeMethodAccessorImpl.java:77)
	at java.base/jdk.internal.reflect.DelegatingMethodAccessorImpl.invoke(DelegatingMethodAccessorImpl.java:43)
	at java.base/java.lang.reflect.Method.invoke(Method.java:568)
	at org.gradle.internal.dispatch.ReflectionDispatch.dispatch(ReflectionDispatch.java:36)
	at org.gradle.internal.dispatch.ReflectionDispatch.dispatch(ReflectionDispatch.java:24)
	at org.gradle.internal.dispatch.ContextClassLoaderDispatch.dispatch(ContextClassLoaderDispatch.java:33)
	at org.gradle.internal.dispatch.ProxyDispatchAdapter$DispatchingInvocationHandler.invoke(ProxyDispatchAdapter.java:94)
	at jdk.proxy1/jdk.proxy1.$Proxy2.processTestClass(Unknown Source)
	at org.gradle.api.internal.tasks.testing.worker.TestWorker$2.run(TestWorker.java:176)
	at org.gradle.api.internal.tasks.testing.worker.TestWorker.executeAndMaintainThreadName(TestWorker.java:129)
	at org.gradle.api.internal.tasks.testing.worker.TestWorker.execute(TestWorker.java:100)
	at org.gradle.api.internal.tasks.testing.worker.TestWorker.execute(TestWorker.java:60)
	at org.gradle.process.internal.worker.child.ActionExecutionWorker.execute(ActionExecutionWorker.java:56)
	at org.gradle.process.internal.worker.child.SystemApplicationClassLoaderWorker.call(SystemApplicationClassLoaderWorker.java:113)
	at org.gradle.process.internal.worker.child.SystemApplicationClassLoaderWorker.call(SystemApplicationClassLoaderWorker.java:65)
	at worker.org.gradle.process.internal.worker.GradleWorkerMain.run(GradleWorkerMain.java:69)
	at worker.org.gradle.process.internal.worker.GradleWorkerMain.main(GradleWorkerMain.java:74)
</failure>
  </testcase>
  <system-out><![CDATA[15:30:02.119 [Test worker] INFO org.springframework.test.context.support.AnnotationConfigContextLoaderUtils -- Could not detect default configuration classes for test class [com.mindex.challenge.service.impl.EmployeeServiceImplTest]: EmployeeServiceImplTest does not declare any static, non-private, non-final, nested classes annotated with @Configuration.
15:30:02.199 [Test worker] INFO org.springframework.boot.test.context.SpringBootTestContextBootstrapper -- Found @SpringBootConfiguration com.mindex.challenge.ChallengeApplication for test class com.mindex.challenge.service.impl.EmployeeServiceImplTest

  .   ____          _            __ _ _
 /\\ / ___'_ __ _ _(_)_ __  __ _ \ \ \ \
( ( )\___ | '_ | '_| | '_ \/ _` | \ \ \ \
 \\/  ___)| |_)| | | | | || (_| |  ) ) ) )
  '  |____| .__|_| |_|_| |_\__, | / / / /
 =========|_|==============|___/=/_/_/_/
 :: Spring Boot ::                (v3.2.3)

2024-08-02T15:30:02.436-04:00  INFO 2688 --- [    Test worker] c.m.c.s.impl.EmployeeServiceImplTest     : Starting EmployeeServiceImplTest using Java 17.0.12 with PID 2688 (started by charl in C:\Users\charl\Downloads\mindex-code-challenge)
2024-08-02T15:30:02.436-04:00 DEBUG 2688 --- [    Test worker] c.m.c.s.impl.EmployeeServiceImplTest     : Running with Spring Boot v3.2.3, Spring v6.1.4
2024-08-02T15:30:02.437-04:00  INFO 2688 --- [    Test worker] c.m.c.s.impl.EmployeeServiceImplTest     : No active profile set, falling back to 1 default profile: "default"
2024-08-02T15:30:02.672-04:00  INFO 2688 --- [    Test worker] .s.d.r.c.RepositoryConfigurationDelegate : Bootstrapping Spring Data MongoDB repositories in DEFAULT mode.
2024-08-02T15:30:02.696-04:00  INFO 2688 --- [    Test worker] .s.d.r.c.RepositoryConfigurationDelegate : Finished Spring Data repository scanning in 20 ms. Found 2 MongoDB repository interfaces.
2024-08-02T15:30:03.071-04:00  INFO 2688 --- [    Test worker] o.s.b.w.embedded.tomcat.TomcatWebServer  : Tomcat initialized with port 0 (http)
2024-08-02T15:30:03.079-04:00  INFO 2688 --- [    Test worker] o.apache.catalina.core.StandardService   : Starting service [Tomcat]
2024-08-02T15:30:03.079-04:00  INFO 2688 --- [    Test worker] o.apache.catalina.core.StandardEngine    : Starting Servlet engine: [Apache Tomcat/10.1.19]
2024-08-02T15:30:03.128-04:00  INFO 2688 --- [    Test worker] o.a.c.c.C.[Tomcat].[localhost].[/]       : Initializing Spring embedded WebApplicationContext
2024-08-02T15:30:03.129-04:00  INFO 2688 --- [    Test worker] w.s.c.ServletWebServerApplicationContext : Root WebApplicationContext: initialization completed in 681 ms
2024-08-02T15:30:03.326-04:00  INFO 2688 --- [    Test worker] de.bwaldvogel.mongo.MongoServer          : started MongoServer(port: 52009, ssl: false)
2024-08-02T15:30:03.405-04:00  INFO 2688 --- [    Test worker] org.mongodb.driver.client                : MongoClient with metadata {"driver": {"name": "mongo-java-driver|sync", "version": "4.11.1"}, "os": {"type": "Windows", "name": "Windows 11", "architecture": "amd64", "version": "10.0"}, "platform": "Java/Oracle Corporation/17.0.12+8-LTS-286"} created with settings MongoClientSettings{readPreference=primary, writeConcern=WriteConcern{w=null, wTimeout=null ms, journal=null}, retryWrites=true, retryReads=true, readConcern=ReadConcern{level=null}, credential=null, transportSettings=null, streamFactoryFactory=null, commandListeners=[], codecRegistry=ProvidersCodecRegistry{codecProviders=[ValueCodecProvider{}, BsonValueCodecProvider{}, DBRefCodecProvider{}, DBObjectCodecProvider{}, DocumentCodecProvider{}, CollectionCodecProvider{}, IterableCodecProvider{}, MapCodecProvider{}, GeoJsonCodecProvider{}, GridFSFileCodecProvider{}, Jsr310CodecProvider{}, JsonObjectCodecProvider{}, BsonCodecProvider{}, EnumCodecProvider{}, com.mongodb.client.model.mql.ExpressionCodecProvider@935493d, com.mongodb.Jep395RecordCodecProvider@9b367c8, com.mongodb.KotlinCodecProvider@34c62fdf]}, loggerSettings=LoggerSettings{maxDocumentLength=1000}, clusterSettings={hosts=[127.0.0.1:52009], srvServiceName=mongodb, mode=SINGLE, requiredClusterType=UNKNOWN, requiredReplicaSetName='null', serverSelector='null', clusterListeners='[]', serverSelectionTimeout='30000 ms', localThreshold='15 ms'}, socketSettings=SocketSettings{connectTimeoutMS=10000, readTimeoutMS=0, receiveBufferSize=0, proxySettings=ProxySettings{host=null, port=null, username=null, password=null}}, heartbeatSocketSettings=SocketSettings{connectTimeoutMS=10000, readTimeoutMS=10000, receiveBufferSize=0, proxySettings=ProxySettings{host=null, port=null, username=null, password=null}}, connectionPoolSettings=ConnectionPoolSettings{maxSize=100, minSize=0, maxWaitTimeMS=120000, maxConnectionLifeTimeMS=0, maxConnectionIdleTimeMS=0, maintenanceInitialDelayMS=0, maintenanceFrequencyMS=60000, connectionPoolListeners=[], maxConnecting=2}, serverSettings=ServerSettings{heartbeatFrequencyMS=10000, minHeartbeatFrequencyMS=500, serverListeners='[]', serverMonitorListeners='[]'}, sslSettings=SslSettings{enabled=false, invalidHostNameAllowed=false, context=null}, applicationName='null', compressorList=[], uuidRepresentation=UNSPECIFIED, serverApi=null, autoEncryptionSettings=null, dnsClient=null, inetAddressResolver=null, contextProvider=null}
2024-08-02T15:30:03.416-04:00  INFO 2688 --- [-server-worker2] d.b.mongo.wire.MongoWireProtocolHandler  : client [id: 0x156d337f, L:/127.0.0.1:52009 - R:/127.0.0.1:52010] connected
2024-08-02T15:30:03.416-04:00  INFO 2688 --- [-server-worker1] d.b.mongo.wire.MongoWireProtocolHandler  : client [id: 0x82e184ef, L:/127.0.0.1:52009 - R:/127.0.0.1:52011] connected
2024-08-02T15:30:03.454-04:00  INFO 2688 --- [127.0.0.1:52009] org.mongodb.driver.cluster               : Monitor thread successfully connected to server with description ServerDescription{address=127.0.0.1:52009, type=STANDALONE, state=CONNECTED, ok=true, minWireVersion=0, maxWireVersion=6, maxDocumentSize=16777216, logicalSessionTimeoutMinutes=null, roundTripTimeNanos=48354800}
2024-08-02T15:30:03.756-04:00  INFO 2688 --- [-server-worker3] d.b.mongo.wire.MongoWireProtocolHandler  : client [id: 0x064311da, L:/127.0.0.1:52009 - R:/127.0.0.1:52012] connected
2024-08-02T15:30:03.779-04:00  INFO 2688 --- [-server-worker3] d.b.mongo.backend.AbstractMongoBackend   : created database test
2024-08-02T15:30:03.782-04:00  INFO 2688 --- [-server-worker3] d.b.mongo.backend.AbstractMongoDatabase  : adding unique _id index for collection employee
2024-08-02T15:30:03.786-04:00  INFO 2688 --- [-server-worker3] d.b.mongo.backend.AbstractMongoDatabase  : created collection test.employee
2024-08-02T15:30:04.059-04:00  INFO 2688 --- [    Test worker] o.s.b.w.embedded.tomcat.TomcatWebServer  : Tomcat started on port 52013 (http) with context path ''
2024-08-02T15:30:04.065-04:00  INFO 2688 --- [    Test worker] c.m.c.s.impl.EmployeeServiceImplTest     : Started EmployeeServiceImplTest in 1.783 seconds (process running for 2.36)
2024-08-02T15:30:04.554-04:00  INFO 2688 --- [o-auto-1-exec-1] o.a.c.c.C.[Tomcat].[localhost].[/]       : Initializing Spring DispatcherServlet 'dispatcherServlet'
2024-08-02T15:30:04.554-04:00  INFO 2688 --- [o-auto-1-exec-1] o.s.web.servlet.DispatcherServlet        : Initializing Servlet 'dispatcherServlet'
2024-08-02T15:30:04.555-04:00  INFO 2688 --- [o-auto-1-exec-1] o.s.web.servlet.DispatcherServlet        : Completed initialization in 0 ms
2024-08-02T15:30:04.577-04:00 DEBUG 2688 --- [o-auto-1-exec-1] c.m.c.controller.EmployeeController      : Received employee create request for [com.mindex.challenge.data.Employee@731b9572]
2024-08-02T15:30:04.578-04:00 DEBUG 2688 --- [o-auto-1-exec-1] c.m.c.service.impl.EmployeeServiceImpl   : Creating employee [com.mindex.challenge.data.Employee@731b9572]
2024-08-02T15:30:04.591-04:00 DEBUG 2688 --- [o-auto-1-exec-2] c.m.c.controller.EmployeeController      : Received employee create request for id [bc143a98-ddba-4bcf-ac63-ee1f793eaa9b]
2024-08-02T15:30:04.591-04:00 DEBUG 2688 --- [o-auto-1-exec-2] c.m.c.service.impl.EmployeeServiceImpl   : Creating employee with id [bc143a98-ddba-4bcf-ac63-ee1f793eaa9b]
2024-08-02T15:30:04.623-04:00 DEBUG 2688 --- [o-auto-1-exec-3] c.m.c.controller.EmployeeController      : Received employee create request for id [bc143a98-ddba-4bcf-ac63-ee1f793eaa9b] and employee [com.mindex.challenge.data.Employee@4aff0a87]
2024-08-02T15:30:04.623-04:00 DEBUG 2688 --- [o-auto-1-exec-3] c.m.c.service.impl.EmployeeServiceImpl   : Updating employee [com.mindex.challenge.data.Employee@4aff0a87]
2024-08-02T15:30:04.643-04:00 DEBUG 2688 --- [o-auto-1-exec-4] c.m.c.controller.EmployeeController      : Received employee create request for [com.mindex.challenge.data.Employee@3fd36698]
2024-08-02T15:30:04.643-04:00 DEBUG 2688 --- [o-auto-1-exec-4] c.m.c.service.impl.EmployeeServiceImpl   : Creating employee [com.mindex.challenge.data.Employee@3fd36698]
]]></system-out>
  <system-err><![CDATA[]]></system-err>
</testsuite>
