<?xml version="1.0" encoding="UTF-8"?>
<testsuite name="com.mindex.challenge.DataBootstrapTest" tests="1" skipped="0" failures="0" errors="0" timestamp="2024-08-05T02:55:44" hostname="DESKTOP-G9CR7VR" time="0.431">
  <properties/>
  <testcase name="test" classname="com.mindex.challenge.DataBootstrapTest" time="0.431"/>
  <system-out><![CDATA[22:55:42.320 [Test worker] INFO org.springframework.test.context.support.AnnotationConfigContextLoaderUtils -- Could not detect default configuration classes for test class [com.mindex.challenge.DataBootstrapTest]: DataBootstrapTest does not declare any static, non-private, non-final, nested classes annotated with @Configuration.
22:55:42.391 [Test worker] INFO org.springframework.boot.test.context.SpringBootTestContextBootstrapper -- Found @SpringBootConfiguration com.mindex.challenge.ChallengeApplication for test class com.mindex.challenge.DataBootstrapTest

  .   ____          _            __ _ _
 /\\ / ___'_ __ _ _(_)_ __  __ _ \ \ \ \
( ( )\___ | '_ | '_| | '_ \/ _` | \ \ \ \
 \\/  ___)| |_)| | | | | || (_| |  ) ) ) )
  '  |____| .__|_| |_|_| |_\__, | / / / /
 =========|_|==============|___/=/_/_/_/
 :: Spring Boot ::                (v3.2.3)

2024-08-04T22:55:42.624-04:00  INFO 27688 --- [    Test worker] com.mindex.challenge.DataBootstrapTest   : Starting DataBootstrapTest using Java 17.0.12 with PID 27688 (started by charl in C:\Users\charl\Downloads\mindex-code-challenge)
2024-08-04T22:55:42.625-04:00 DEBUG 27688 --- [    Test worker] com.mindex.challenge.DataBootstrapTest   : Running with Spring Boot v3.2.3, Spring v6.1.4
2024-08-04T22:55:42.625-04:00  INFO 27688 --- [    Test worker] com.mindex.challenge.DataBootstrapTest   : No active profile set, falling back to 1 default profile: "default"
2024-08-04T22:55:42.871-04:00  INFO 27688 --- [    Test worker] .s.d.r.c.RepositoryConfigurationDelegate : Bootstrapping Spring Data MongoDB repositories in DEFAULT mode.
2024-08-04T22:55:42.896-04:00  INFO 27688 --- [    Test worker] .s.d.r.c.RepositoryConfigurationDelegate : Finished Spring Data repository scanning in 21 ms. Found 2 MongoDB repository interfaces.
2024-08-04T22:55:43.275-04:00  INFO 27688 --- [    Test worker] de.bwaldvogel.mongo.MongoServer          : started MongoServer(port: 55134, ssl: false)
2024-08-04T22:55:43.348-04:00  INFO 27688 --- [    Test worker] org.mongodb.driver.client                : MongoClient with metadata {"driver": {"name": "mongo-java-driver|sync", "version": "4.11.1"}, "os": {"type": "Windows", "name": "Windows 11", "architecture": "amd64", "version": "10.0"}, "platform": "Java/Oracle Corporation/17.0.12+8-LTS-286"} created with settings MongoClientSettings{readPreference=primary, writeConcern=WriteConcern{w=null, wTimeout=null ms, journal=null}, retryWrites=true, retryReads=true, readConcern=ReadConcern{level=null}, credential=null, transportSettings=null, streamFactoryFactory=null, commandListeners=[], codecRegistry=ProvidersCodecRegistry{codecProviders=[ValueCodecProvider{}, BsonValueCodecProvider{}, DBRefCodecProvider{}, DBObjectCodecProvider{}, DocumentCodecProvider{}, CollectionCodecProvider{}, IterableCodecProvider{}, MapCodecProvider{}, GeoJsonCodecProvider{}, GridFSFileCodecProvider{}, Jsr310CodecProvider{}, JsonObjectCodecProvider{}, BsonCodecProvider{}, EnumCodecProvider{}, com.mongodb.client.model.mql.ExpressionCodecProvider@3e046e39, com.mongodb.Jep395RecordCodecProvider@61cda923, com.mongodb.KotlinCodecProvider@46fc522d]}, loggerSettings=LoggerSettings{maxDocumentLength=1000}, clusterSettings={hosts=[127.0.0.1:55134], srvServiceName=mongodb, mode=SINGLE, requiredClusterType=UNKNOWN, requiredReplicaSetName='null', serverSelector='null', clusterListeners='[]', serverSelectionTimeout='30000 ms', localThreshold='15 ms'}, socketSettings=SocketSettings{connectTimeoutMS=10000, readTimeoutMS=0, receiveBufferSize=0, proxySettings=ProxySettings{host=null, port=null, username=null, password=null}}, heartbeatSocketSettings=SocketSettings{connectTimeoutMS=10000, readTimeoutMS=10000, receiveBufferSize=0, proxySettings=ProxySettings{host=null, port=null, username=null, password=null}}, connectionPoolSettings=ConnectionPoolSettings{maxSize=100, minSize=0, maxWaitTimeMS=120000, maxConnectionLifeTimeMS=0, maxConnectionIdleTimeMS=0, maintenanceInitialDelayMS=0, maintenanceFrequencyMS=60000, connectionPoolListeners=[], maxConnecting=2}, serverSettings=ServerSettings{heartbeatFrequencyMS=10000, minHeartbeatFrequencyMS=500, serverListeners='[]', serverMonitorListeners='[]'}, sslSettings=SslSettings{enabled=false, invalidHostNameAllowed=false, context=null}, applicationName='null', compressorList=[], uuidRepresentation=UNSPECIFIED, serverApi=null, autoEncryptionSettings=null, dnsClient=null, inetAddressResolver=null, contextProvider=null}
2024-08-04T22:55:43.356-04:00  INFO 27688 --- [-server-worker2] d.b.mongo.wire.MongoWireProtocolHandler  : client [id: 0xf331454b, L:/127.0.0.1:55134 - R:/127.0.0.1:55136] connected
2024-08-04T22:55:43.356-04:00  INFO 27688 --- [-server-worker1] d.b.mongo.wire.MongoWireProtocolHandler  : client [id: 0x80bab696, L:/127.0.0.1:55134 - R:/127.0.0.1:55135] connected
2024-08-04T22:55:43.392-04:00  INFO 27688 --- [127.0.0.1:55134] org.mongodb.driver.cluster               : Monitor thread successfully connected to server with description ServerDescription{address=127.0.0.1:55134, type=STANDALONE, state=CONNECTED, ok=true, minWireVersion=0, maxWireVersion=6, maxDocumentSize=16777216, logicalSessionTimeoutMinutes=null, roundTripTimeNanos=44223200}
2024-08-04T22:55:43.700-04:00  INFO 27688 --- [-server-worker3] d.b.mongo.wire.MongoWireProtocolHandler  : client [id: 0xad21fb2b, L:/127.0.0.1:55134 - R:/127.0.0.1:55137] connected
2024-08-04T22:55:43.725-04:00  INFO 27688 --- [-server-worker3] d.b.mongo.backend.AbstractMongoBackend   : created database test
2024-08-04T22:55:43.727-04:00  INFO 27688 --- [-server-worker3] d.b.mongo.backend.AbstractMongoDatabase  : adding unique _id index for collection employee
2024-08-04T22:55:43.731-04:00  INFO 27688 --- [-server-worker3] d.b.mongo.backend.AbstractMongoDatabase  : created collection test.employee
2024-08-04T22:55:44.004-04:00  INFO 27688 --- [    Test worker] com.mindex.challenge.DataBootstrapTest   : Started DataBootstrapTest in 1.522 seconds (process running for 2.109)
]]></system-out>
  <system-err><![CDATA[]]></system-err>
</testsuite>
